<?xml version="1.0" encoding="UTF-8"?>
<!-- Generated by org.testng.reporters.JUnitXMLReporter -->
<testsuite ignored="8" hostname="DLI10-IT-MADHAV" failures="0" tests="10" name="Regression Test" time="302.042" errors="0" timestamp="2023-02-06T17:55:05 IST">
  <testcase classname="com.safexp.MDM.automation.pagelibraryNew.SafexpressEPaymentPage" name="epaymentNAOpt" time="11.011"/>
  <testcase classname="com.safexp.MDM.automation.pagelibraryNew.SafexpressEPaymentPage" name="epaymentAutoOpt" time="17.635"/>
  <testcase classname="com.safexp.MDM.automation.pagelibraryNew.SafexpressEPaymentPage" name="epaymentManualOpt" time="18.104"/>
  <testcase classname="com.safexp.MDM.automation.pagelibraryNew.SafexpressTrackPage" name="trackWaybillInfo" time="10.157"/>
  <testcase classname="com.safexp.MDM.automation.pagelibraryNew.SafexpressTrackPage" name="trackEwaybillInfo" time="13.019"/>
  <testcase classname="com.safexp.MDM.automation.pagelibraryNew.SafexpressTrackPage" name="trackInvoiceInfo" time="10.253"/>
  <testcase classname="com.safexp.MDM.automation.pagelibraryNew.SafexpressRateAndTimePage" name="rateAndTimeGetdtailsAndGetRatebtn" time="41.935"/>
  <testcase classname="com.safexp.MDM.automation.pagelibraryNew.SafexpressRateAndTimePage" name="rateAndTimeCalculate" time="61.631"/>
  <testcase classname="com.safexp.MDM.automation.pagelibraryNew.SafexpressPincodePage" name="PincodePincodeServed" time="4.726"/>
  <testcase classname="com.safexp.MDM.automation.pagelibraryNew.SafexpressBookNowPage" name="bookNow" time="52.862"/>
  <testcase classname="com.safexp.MDM.automation.testcases.AllModules.MainTest_UAT" name="@AfterTest closeOpenWindow" time="0.0">
    <ignored/>
  </testcase> <!-- @AfterTest closeOpenWindow -->
  <testcase classname="com.safexp.MDM.automation.testcases.AllModules.MainTest_UAT" name="@AfterTest closeOpenWindow" time="0.0">
    <ignored/>
  </testcase> <!-- @AfterTest closeOpenWindow -->
  <testcase classname="com.safexp.MDM.automation.testcases.AllModules.MainTest_UAT" name="@AfterTest closeOpenWindow" time="0.0">
    <ignored/>
  </testcase> <!-- @AfterTest closeOpenWindow -->
  <testcase classname="com.safexp.MDM.automation.testcases.AllModules.MainTest_UAT" name="@AfterTest closeOpenWindow" time="0.0">
    <ignored/>
  </testcase> <!-- @AfterTest closeOpenWindow -->
  <testcase classname="com.safexp.MDM.automation.testcases.AllModules.MainTest_UAT" name="@BeforeTest appLaunch" time="0.0">
    <ignored/>
  </testcase> <!-- @BeforeTest appLaunch -->
  <testcase classname="com.safexp.MDM.automation.testcases.AllModules.MainTest_UAT" name="@BeforeTest appLaunch" time="0.0">
    <ignored/>
  </testcase> <!-- @BeforeTest appLaunch -->
  <testcase classname="com.safexp.MDM.automation.testcases.AllModules.MainTest_UAT" name="@BeforeTest appLaunch" time="0.0">
    <ignored/>
  </testcase> <!-- @BeforeTest appLaunch -->
  <testcase classname="com.safexp.MDM.automation.testcases.AllModules.MainTest_UAT" name="@BeforeTest appLaunch" time="0.0">
    <ignored/>
  </testcase> <!-- @BeforeTest appLaunch -->
</testsuite> <!-- Regression Test -->
